# JRE version: TencentJDK Runtime Environment (8.0) (build 1.8.0_222.ga-45)
# Java VM: TencentJDK 64-Bit Server VM (25.222.ga-b45 mixed mode linux-amd64 compressed oops)
Heap:
 par new generation   total 76160K, used 54199K [0x00000006c9400000, 0x00000006ce6a0000, 0x00000006f2d90000)
  eden space 67712K,  79% used [0x00000006c9400000, 0x00000006cc8affc8, 0x00000006cd620000)
  from space 8448K,   2% used [0x00000006cde60000, 0x00000006cde9dc80, 0x00000006ce6a0000)
  to   space 8448K,   0% used [0x00000006cd620000, 0x00000006cd620000, 0x00000006cde60000)
 concurrent mark-sweep generation total 923824K, used 602933K [0x00000006f2d90000, 0x000000072b3bc000, 0x00000007c0000000)
 Metaspace       used 6429K, capacity 6582K, committed 6784K, reserved 1056768K
  class space    used 729K, capacity 771K, committed 896K, reserved 1048576K
GC Heap History (10 events):
Event: 1.335 GC heap before
{Heap before GC invocations=20 (full 4):
 par new generation   total 76160K, used 76160K [0x00000006c9400000, 0x00000006ce6a0000, 0x00000006f2d90000)
  eden space 67712K, 100% used [0x00000006c9400000, 0x00000006cd620000, 0x00000006cd620000)
  from space 8448K, 100% used [0x00000006cd620000, 0x00000006cde60000, 0x00000006cde60000)
  to   space 8448K,   0% used [0x00000006cde60000, 0x00000006cde60000, 0x00000006ce6a0000)
 concurrent mark-sweep generation total 707048K, used 535345K [0x00000006f2d90000, 0x000000071e00a000, 0x00000007c0000000)
 Metaspace       used 6422K, capacity 6582K, committed 6784K, reserved 1056768K
  class space    used 729K, capacity 771K, committed 896K, reserved 1048576K
Event: 1.373 GC heap after
Heap after GC invocations=21 (full 4):
 par new generation   total 76160K, used 8448K [0x00000006c9400000, 0x00000006ce6a0000, 0x00000006f2d90000)
  eden space 67712K,   0% used [0x00000006c9400000, 0x00000006c9400000, 0x00000006cd620000)
  from space 8448K, 100% used [0x00000006cde60000, 0x00000006ce6a0000, 0x00000006ce6a0000)
  to   space 8448K,   0% used [0x00000006cd620000, 0x00000006cd620000, 0x00000006cde60000)
 concurrent mark-sweep generation total 707048K, used 584333K [0x00000006f2d90000, 0x000000071e00a000, 0x00000007c0000000)
 Metaspace       used 6422K, capacity 6582K, committed 6784K, reserved 1056768K
  class space    used 729K, capacity 771K, committed 896K, reserved 1048576K
}
Event: 1.651 GC heap before
{Heap before GC invocations=21 (full 4):
 par new generation   total 76160K, used 76160K [0x00000006c9400000, 0x00000006ce6a0000, 0x00000006f2d90000)
  eden space 67712K, 100% used [0x00000006c9400000, 0x00000006cd620000, 0x00000006cd620000)
  from space 8448K, 100% used [0x00000006cde60000, 0x00000006ce6a0000, 0x00000006ce6a0000)
  to   space 8448K,   0% used [0x00000006cd620000, 0x00000006cd620000, 0x00000006cde60000)
 concurrent mark-sweep generation total 923824K, used 554293K [0x00000006f2d90000, 0x000000072b3bc000, 0x00000007c0000000)
 Metaspace       used 6423K, capacity 6582K, committed 6784K, reserved 1056768K
  class space    used 729K, capacity 771K, committed 896K, reserved 1048576K
Event: 1.671 GC heap after
Heap after GC invocations=22 (full 4):
 par new generation   total 76160K, used 8448K [0x00000006c9400000, 0x00000006ce6a0000, 0x00000006f2d90000)
  eden space 67712K,   0% used [0x00000006c9400000, 0x00000006c9400000, 0x00000006cd620000)
  from space 8448K, 100% used [0x00000006cd620000, 0x00000006cde60000, 0x00000006cde60000)
  to   space 8448K,   0% used [0x00000006cde60000, 0x00000006cde60000, 0x00000006ce6a0000)
 concurrent mark-sweep generation total 923824K, used 595578K [0x00000006f2d90000, 0x000000072b3bc000, 0x00000007c0000000)
 Metaspace       used 6423K, capacity 6582K, committed 6784K, reserved 1056768K
  class space    used 729K, capacity 771K, committed 896K, reserved 1048576K
}
Event: 2.278 GC heap before
{Heap before GC invocations=22 (full 4):
 par new generation   total 76160K, used 76160K [0x00000006c9400000, 0x00000006ce6a0000, 0x00000006f2d90000)
  eden space 67712K, 100% used [0x00000006c9400000, 0x00000006cd620000, 0x00000006cd620000)
  from space 8448K, 100% used [0x00000006cd620000, 0x00000006cde60000, 0x00000006cde60000)
  to   space 8448K,   0% used [0x00000006cde60000, 0x00000006cde60000, 0x00000006ce6a0000)
 concurrent mark-sweep generation total 923824K, used 595578K [0x00000006f2d90000, 0x000000072b3bc000, 0x00000007c0000000)
 Metaspace       used 6423K, capacity 6582K, committed 6784K, reserved 1056768K
  class space    used 729K, capacity 771K, committed 896K, reserved 1048576K
Event: 2.286 GC heap after
Heap after GC invocations=23 (full 4):
 par new generation   total 76160K, used 5727K [0x00000006c9400000, 0x00000006ce6a0000, 0x00000006f2d90000)
  eden space 67712K,   0% used [0x00000006c9400000, 0x00000006c9400000, 0x00000006cd620000)
  from space 8448K,  67% used [0x00000006cde60000, 0x00000006ce3f7f00, 0x00000006ce6a0000)
  to   space 8448K,   0% used [0x00000006cd620000, 0x00000006cd620000, 0x00000006cde60000)
 concurrent mark-sweep generation total 923824K, used 602933K [0x00000006f2d90000, 0x000000072b3bc000, 0x00000007c0000000)
 Metaspace       used 6423K, capacity 6582K, committed 6784K, reserved 1056768K
  class space    used 729K, capacity 771K, committed 896K, reserved 1048576K
}
Event: 2.978 GC heap before
{Heap before GC invocations=23 (full 4):
 par new generation   total 76160K, used 73439K [0x00000006c9400000, 0x00000006ce6a0000, 0x00000006f2d90000)
  eden space 67712K, 100% used [0x00000006c9400000, 0x00000006cd620000, 0x00000006cd620000)
  from space 8448K,  67% used [0x00000006cde60000, 0x00000006ce3f7f00, 0x00000006ce6a0000)
  to   space 8448K,   0% used [0x00000006cd620000, 0x00000006cd620000, 0x00000006cde60000)
 concurrent mark-sweep generation total 923824K, used 602933K [0x00000006f2d90000, 0x000000072b3bc000, 0x00000007c0000000)
 Metaspace       used 6423K, capacity 6582K, committed 6784K, reserved 1056768K
  class space    used 729K, capacity 771K, committed 896K, reserved 1048576K
Event: 2.980 GC heap after
Heap after GC invocations=24 (full 4):
 par new generation   total 76160K, used 958K [0x00000006c9400000, 0x00000006ce6a0000, 0x00000006f2d90000)
  eden space 67712K,   0% used [0x00000006c9400000, 0x00000006c9400000, 0x00000006cd620000)
  from space 8448K,  11% used [0x00000006cd620000, 0x00000006cd70faa0, 0x00000006cde60000)
  to   space 8448K,   0% used [0x00000006cde60000, 0x00000006cde60000, 0x00000006ce6a0000)
 concurrent mark-sweep generation total 923824K, used 602933K [0x00000006f2d90000, 0x000000072b3bc000, 0x00000007c0000000)
 Metaspace       used 6423K, capacity 6582K, committed 6784K, reserved 1056768K
  class space    used 729K, capacity 771K, committed 896K, reserved 1048576K
}
Event: 3.249 GC heap before
{Heap before GC invocations=24 (full 4):
 par new generation   total 76160K, used 68670K [0x00000006c9400000, 0x00000006ce6a0000, 0x00000006f2d90000)
  eden space 67712K, 100% used [0x00000006c9400000, 0x00000006cd620000, 0x00000006cd620000)
  from space 8448K,  11% used [0x00000006cd620000, 0x00000006cd70faa0, 0x00000006cde60000)
  to   space 8448K,   0% used [0x00000006cde60000, 0x00000006cde60000, 0x00000006ce6a0000)
 concurrent mark-sweep generation total 923824K, used 602933K [0x00000006f2d90000, 0x000000072b3bc000, 0x00000007c0000000)
 Metaspace       used 6429K, capacity 6582K, committed 6784K, reserved 1056768K
  class space    used 729K, capacity 771K, committed 896K, reserved 1048576K
Event: 3.252 GC heap after
Heap after GC invocations=25 (full 4):
 par new generation   total 76160K, used 247K [0x00000006c9400000, 0x00000006ce6a0000, 0x00000006f2d90000)
  eden space 67712K,   0% used [0x00000006c9400000, 0x00000006c9400000, 0x00000006cd620000)
  from space 8448K,   2% used [0x00000006cde60000, 0x00000006cde9dc80, 0x00000006ce6a0000)
  to   space 8448K,   0% used [0x00000006cd620000, 0x00000006cd620000, 0x00000006cde60000)
 concurrent mark-sweep generation total 923824K, used 602933K [0x00000006f2d90000, 0x000000072b3bc000, 0x00000007c0000000)
 Metaspace       used 6429K, capacity 6582K, committed 6784K, reserved 1056768K
  class space    used 729K, capacity 771K, committed 896K, reserved 1048576K
}

